<?xml version="1.0" encoding="UTF-8"?>
<!-- Generated by org.testng.reporters.JUnitReportReporter -->
<testsuite skipped="0" hostname="Mufajjal-PC" name="com.tt.testrunner.TestRunnerNG" tests="2" failures="0" timestamp="19 Dec 2017 19:35:19 GMT" time="21.843" errors="0">
  <testcase name="feature" time="11.890" classname="com.tt.testrunner.TestRunnerNG"/>
  <testcase name="feature" time="9.953" classname="com.tt.testrunner.TestRunnerNG"/>
</testsuite> <!-- com.tt.testrunner.TestRunnerNG -->
