<?xml version="1.0" encoding="UTF-8"?>
<!-- Generated by org.testng.reporters.JUnitReportReporter -->
<testsuite skipped="0" hostname="Mufajjal-PC" name="com.tt.testrunner.TestNGTestRunner$TestRunner" tests="13" failures="0" timestamp="02 Jan 2018 19:43:31 GMT" time="129.764" errors="0">
  <testcase name="feature" time="12.869" classname="com.tt.testrunner.TestNGTestRunner$TestRunner"/>
  <testcase name="feature" time="11.664" classname="com.tt.testrunner.TestNGTestRunner$TestRunner"/>
  <testcase name="feature" time="11.887" classname="com.tt.testrunner.TestNGTestRunner$TestRunner"/>
  <testcase name="feature" time="7.514" classname="com.tt.testrunner.TestNGTestRunner$TestRunner"/>
  <testcase name="feature" time="10.327" classname="com.tt.testrunner.TestNGTestRunner$TestRunner"/>
  <testcase name="feature" time="11.256" classname="com.tt.testrunner.TestNGTestRunner$TestRunner"/>
  <testcase name="feature" time="7.230" classname="com.tt.testrunner.TestNGTestRunner$TestRunner"/>
  <testcase name="feature" time="8.959" classname="com.tt.testrunner.TestNGTestRunner$TestRunner"/>
  <testcase name="feature" time="9.123" classname="com.tt.testrunner.TestNGTestRunner$TestRunner"/>
  <testcase name="feature" time="8.037" classname="com.tt.testrunner.TestNGTestRunner$TestRunner"/>
  <testcase name="feature" time="8.953" classname="com.tt.testrunner.TestNGTestRunner$TestRunner"/>
  <testcase name="feature" time="8.770" classname="com.tt.testrunner.TestNGTestRunner$TestRunner"/>
  <testcase name="feature" time="13.175" classname="com.tt.testrunner.TestNGTestRunner$TestRunner"/>
</testsuite> <!-- com.tt.testrunner.TestNGTestRunner$TestRunner -->
